<?xml version="1.0" encoding="UTF-8"?>
<beans xmlns="http://www.springframework.org/schema/beans"
       xmlns:xsi="http://www.w3.org/2001/XMLSchema-instance"
       xsi:schemaLocation="http://www.springframework.org/schema/beans http://www.springframework.org/schema/beans/spring-beans-3.0.xsd">
 
 <!-- 
 	<bean class="org.springframework.web.servlet.DispatcherServlet" init-method="init">
 		<property name="contextConfigLocation" value="classpath:/META-INF/spring/appServlet/servlet-context.xml" />
 	</bean>
 	 -->
 	 
 	 <bean class="org.springframework.mock.web.MockHttpServletRequest"></bean>
 	 <bean class="org.springframework.mock.web.MockHttpServletResponse"></bean>
 	 <bean class="org.springframework.mock.web.MockServletContext">
 	 	<constructor-arg name="resourceBasePath" value="src/main/webapp"></constructor-arg>
 	 </bean>
 	 
</beans>
